The system is: Linux - 2.6.32-754.14.2.el6.x86_64 - x86_64
Compiling the C compiler identification source file "CMakeCCompilerId.c" succeeded.
Compiler: /usr/bin/cc 
Build flags: 
Id flags: 

The output was:
0


Compilation of the C compiler identification source "CMakeCCompilerId.c" produced "a.out"

The C compiler identification is GNU, found in "/u/home/a/alipazok/GENIE/build/CMakeFiles/2.8.12.2/CompilerIdC/a.out"

Compiling the CXX compiler identification source file "CMakeCXXCompilerId.cpp" succeeded.
Compiler: /usr/bin/c++ 
Build flags: 
Id flags: 

The output was:
0


Compilation of the CXX compiler identification source "CMakeCXXCompilerId.cpp" produced "a.out"

The CXX compiler identification is GNU, found in "/u/home/a/alipazok/GENIE/build/CMakeFiles/2.8.12.2/CompilerIdCXX/a.out"

Determining if the C compiler works passed with the following output:
Change Dir: /u/home/a/alipazok/GENIE/build/CMakeFiles/CMakeTmp

Run Build Command:/usr/bin/gmake "cmTryCompileExec952522923/fast"
/usr/bin/gmake -f CMakeFiles/cmTryCompileExec952522923.dir/build.make CMakeFiles/cmTryCompileExec952522923.dir/build
gmake[1]: Entering directory `/u/home/a/alipazok/GENIE/build/CMakeFiles/CMakeTmp'
/usr/bin/cmake -E cmake_progress_report /u/home/a/alipazok/GENIE/build/CMakeFiles/CMakeTmp/CMakeFiles 1
Building C object CMakeFiles/cmTryCompileExec952522923.dir/testCCompiler.c.o
/usr/bin/cc    -o CMakeFiles/cmTryCompileExec952522923.dir/testCCompiler.c.o   -c /u/home/a/alipazok/GENIE/build/CMakeFiles/CMakeTmp/testCCompiler.c
Linking C executable cmTryCompileExec952522923
/usr/bin/cmake -E cmake_link_script CMakeFiles/cmTryCompileExec952522923.dir/link.txt --verbose=1
/usr/bin/cc       CMakeFiles/cmTryCompileExec952522923.dir/testCCompiler.c.o  -o cmTryCompileExec952522923 -rdynamic 
gmake[1]: Leaving directory `/u/home/a/alipazok/GENIE/build/CMakeFiles/CMakeTmp'


Detecting C compiler ABI info compiled with the following output:
Change Dir: /u/home/a/alipazok/GENIE/build/CMakeFiles/CMakeTmp

Run Build Command:/usr/bin/gmake "cmTryCompileExec3998071765/fast"
/usr/bin/gmake -f CMakeFiles/cmTryCompileExec3998071765.dir/build.make CMakeFiles/cmTryCompileExec3998071765.dir/build
gmake[1]: Entering directory `/u/home/a/alipazok/GENIE/build/CMakeFiles/CMakeTmp'
/usr/bin/cmake -E cmake_progress_report /u/home/a/alipazok/GENIE/build/CMakeFiles/CMakeTmp/CMakeFiles 1
Building C object CMakeFiles/cmTryCompileExec3998071765.dir/CMakeCCompilerABI.c.o
/usr/bin/cc    -o CMakeFiles/cmTryCompileExec3998071765.dir/CMakeCCompilerABI.c.o   -c /usr/share/cmake/Modules/CMakeCCompilerABI.c
Linking C executable cmTryCompileExec3998071765
/usr/bin/cmake -E cmake_link_script CMakeFiles/cmTryCompileExec3998071765.dir/link.txt --verbose=1
/usr/bin/cc     -v CMakeFiles/cmTryCompileExec3998071765.dir/CMakeCCompilerABI.c.o  -o cmTryCompileExec3998071765 -rdynamic  
Using built-in specs.
Target: x86_64-redhat-linux
Configured with: ../configure --prefix=/usr --mandir=/usr/share/man --infodir=/usr/share/info --with-bugurl=http://bugzilla.redhat.com/bugzilla --enable-bootstrap --enable-shared --enable-threads=posix --enable-checking=release --with-system-zlib --enable-__cxa_atexit --disable-libunwind-exceptions --enable-gnu-unique-object --enable-languages=c,c++,objc,obj-c++,java,fortran,ada --enable-java-awt=gtk --disable-dssi --with-java-home=/usr/lib/jvm/java-1.5.0-gcj-1.5.0.0/jre --enable-libgcj-multifile --enable-java-maintainer-mode --with-ecj-jar=/usr/share/java/eclipse-ecj.jar --disable-libjava-multilib --with-ppl --with-cloog --with-tune=generic --with-arch_32=i686 --build=x86_64-redhat-linux
Thread model: posix
gcc version 4.4.7 20120313 (Red Hat 4.4.7-23) (GCC) 
COMPILER_PATH=/usr/libexec/gcc/x86_64-redhat-linux/4.4.7/:/usr/libexec/gcc/x86_64-redhat-linux/4.4.7/:/usr/libexec/gcc/x86_64-redhat-linux/:/usr/lib/gcc/x86_64-redhat-linux/4.4.7/:/usr/lib/gcc/x86_64-redhat-linux/:/usr/libexec/gcc/x86_64-redhat-linux/4.4.7/:/usr/libexec/gcc/x86_64-redhat-linux/:/usr/lib/gcc/x86_64-redhat-linux/4.4.7/:/usr/lib/gcc/x86_64-redhat-linux/
LIBRARY_PATH=/usr/lib/gcc/x86_64-redhat-linux/4.4.7/:/usr/lib/gcc/x86_64-redhat-linux/4.4.7/:/usr/lib/gcc/x86_64-redhat-linux/4.4.7/../../../../lib64/:/lib/../lib64/:/usr/lib/../lib64/:/u/local/compilers/intel/18.0.4/compilers_and_libraries_2018.5.274/linux/daal/../tbb/lib/intel64_lin/gcc4.4/:/u/local/compilers/intel/18.0.4/compilers_and_libraries_2018.5.274/linux/daal/lib/intel64_lin/:/u/local/compilers/intel/18.0.4/compilers_and_libraries_2018.5.274/linux/tbb/lib/intel64/gcc4.4/:/u/local/compilers/intel/18.0.4/compilers_and_libraries_2018.5.274/linux/mkl/lib/intel64_lin/:/u/local/compilers/intel/18.0.4/compilers_and_libraries_2018.5.274/linux/compiler/lib/intel64_lin/:/u/local/compilers/intel/18.0.4/compilers_and_libraries_2018.5.274/linux/ipp/lib/intel64/:/u/local/compilers/intel/18.0.4/clck/2018.3/lib/intel64/:/usr/lib/gcc/x86_64-redhat-linux/4.4.7/../../../:/lib/:/usr/lib/
COLLECT_GCC_OPTIONS='-v' '-o' 'cmTryCompileExec3998071765' '-rdynamic' '-mtune=generic'
 /usr/libexec/gcc/x86_64-redhat-linux/4.4.7/collect2 --eh-frame-hdr --build-id -m elf_x86_64 --hash-style=gnu -export-dynamic -dynamic-linker /lib64/ld-linux-x86-64.so.2 -o cmTryCompileExec3998071765 /usr/lib/gcc/x86_64-redhat-linux/4.4.7/../../../../lib64/crt1.o /usr/lib/gcc/x86_64-redhat-linux/4.4.7/../../../../lib64/crti.o /usr/lib/gcc/x86_64-redhat-linux/4.4.7/crtbegin.o -L/usr/lib/gcc/x86_64-redhat-linux/4.4.7 -L/usr/lib/gcc/x86_64-redhat-linux/4.4.7 -L/usr/lib/gcc/x86_64-redhat-linux/4.4.7/../../../../lib64 -L/lib/../lib64 -L/usr/lib/../lib64 -L/u/local/compilers/intel/18.0.4/compilers_and_libraries_2018.5.274/linux/daal/../tbb/lib/intel64_lin/gcc4.4 -L/u/local/compilers/intel/18.0.4/compilers_and_libraries_2018.5.274/linux/daal/lib/intel64_lin -L/u/local/compilers/intel/18.0.4/compilers_and_libraries_2018.5.274/linux/tbb/lib/intel64/gcc4.4 -L/u/local/compilers/intel/18.0.4/compilers_and_libraries_2018.5.274/linux/mkl/lib/intel64_lin -L/u/local/compilers/intel/18.0.4/compilers_and_libraries_2018.5.274/linux/compiler/lib/intel64_lin -L/u/local/compilers/intel/18.0.4/compilers_and_libraries_2018.5.274/linux/ipp/lib/intel64 -L/u/local/compilers/intel/18.0.4/clck/2018.3/lib/intel64 -L/usr/lib/gcc/x86_64-redhat-linux/4.4.7/../../.. CMakeFiles/cmTryCompileExec3998071765.dir/CMakeCCompilerABI.c.o -lgcc --as-needed -lgcc_s --no-as-needed -lc -lgcc --as-needed -lgcc_s --no-as-needed /usr/lib/gcc/x86_64-redhat-linux/4.4.7/crtend.o /usr/lib/gcc/x86_64-redhat-linux/4.4.7/../../../../lib64/crtn.o
gmake[1]: Leaving directory `/u/home/a/alipazok/GENIE/build/CMakeFiles/CMakeTmp'


Parsed C implicit link information from above output:
  link line regex: [^( *|.*[/\])(ld|([^/\]+-)?ld|collect2)[^/\]*( |$)]
  ignore line: [Change Dir: /u/home/a/alipazok/GENIE/build/CMakeFiles/CMakeTmp]
  ignore line: []
  ignore line: [Run Build Command:/usr/bin/gmake "cmTryCompileExec3998071765/fast"]
  ignore line: [/usr/bin/gmake -f CMakeFiles/cmTryCompileExec3998071765.dir/build.make CMakeFiles/cmTryCompileExec3998071765.dir/build]
  ignore line: [gmake[1]: Entering directory `/u/home/a/alipazok/GENIE/build/CMakeFiles/CMakeTmp']
  ignore line: [/usr/bin/cmake -E cmake_progress_report /u/home/a/alipazok/GENIE/build/CMakeFiles/CMakeTmp/CMakeFiles 1]
  ignore line: [Building C object CMakeFiles/cmTryCompileExec3998071765.dir/CMakeCCompilerABI.c.o]
  ignore line: [/usr/bin/cc    -o CMakeFiles/cmTryCompileExec3998071765.dir/CMakeCCompilerABI.c.o   -c /usr/share/cmake/Modules/CMakeCCompilerABI.c]
  ignore line: [Linking C executable cmTryCompileExec3998071765]
  ignore line: [/usr/bin/cmake -E cmake_link_script CMakeFiles/cmTryCompileExec3998071765.dir/link.txt --verbose=1]
  ignore line: [/usr/bin/cc     -v CMakeFiles/cmTryCompileExec3998071765.dir/CMakeCCompilerABI.c.o  -o cmTryCompileExec3998071765 -rdynamic  ]
  ignore line: [Using built-in specs.]
  ignore line: [Target: x86_64-redhat-linux]
  ignore line: [Configured with: ../configure --prefix=/usr --mandir=/usr/share/man --infodir=/usr/share/info --with-bugurl=http://bugzilla.redhat.com/bugzilla --enable-bootstrap --enable-shared --enable-threads=posix --enable-checking=release --with-system-zlib --enable-__cxa_atexit --disable-libunwind-exceptions --enable-gnu-unique-object --enable-languages=c,c++,objc,obj-c++,java,fortran,ada --enable-java-awt=gtk --disable-dssi --with-java-home=/usr/lib/jvm/java-1.5.0-gcj-1.5.0.0/jre --enable-libgcj-multifile --enable-java-maintainer-mode --with-ecj-jar=/usr/share/java/eclipse-ecj.jar --disable-libjava-multilib --with-ppl --with-cloog --with-tune=generic --with-arch_32=i686 --build=x86_64-redhat-linux]
  ignore line: [Thread model: posix]
  ignore line: [gcc version 4.4.7 20120313 (Red Hat 4.4.7-23) (GCC) ]
  ignore line: [COMPILER_PATH=/usr/libexec/gcc/x86_64-redhat-linux/4.4.7/:/usr/libexec/gcc/x86_64-redhat-linux/4.4.7/:/usr/libexec/gcc/x86_64-redhat-linux/:/usr/lib/gcc/x86_64-redhat-linux/4.4.7/:/usr/lib/gcc/x86_64-redhat-linux/:/usr/libexec/gcc/x86_64-redhat-linux/4.4.7/:/usr/libexec/gcc/x86_64-redhat-linux/:/usr/lib/gcc/x86_64-redhat-linux/4.4.7/:/usr/lib/gcc/x86_64-redhat-linux/]
  ignore line: [LIBRARY_PATH=/usr/lib/gcc/x86_64-redhat-linux/4.4.7/:/usr/lib/gcc/x86_64-redhat-linux/4.4.7/:/usr/lib/gcc/x86_64-redhat-linux/4.4.7/../../../../lib64/:/lib/../lib64/:/usr/lib/../lib64/:/u/local/compilers/intel/18.0.4/compilers_and_libraries_2018.5.274/linux/daal/../tbb/lib/intel64_lin/gcc4.4/:/u/local/compilers/intel/18.0.4/compilers_and_libraries_2018.5.274/linux/daal/lib/intel64_lin/:/u/local/compilers/intel/18.0.4/compilers_and_libraries_2018.5.274/linux/tbb/lib/intel64/gcc4.4/:/u/local/compilers/intel/18.0.4/compilers_and_libraries_2018.5.274/linux/mkl/lib/intel64_lin/:/u/local/compilers/intel/18.0.4/compilers_and_libraries_2018.5.274/linux/compiler/lib/intel64_lin/:/u/local/compilers/intel/18.0.4/compilers_and_libraries_2018.5.274/linux/ipp/lib/intel64/:/u/local/compilers/intel/18.0.4/clck/2018.3/lib/intel64/:/usr/lib/gcc/x86_64-redhat-linux/4.4.7/../../../:/lib/:/usr/lib/]
  ignore line: [COLLECT_GCC_OPTIONS='-v' '-o' 'cmTryCompileExec3998071765' '-rdynamic' '-mtune=generic']
  link line: [ /usr/libexec/gcc/x86_64-redhat-linux/4.4.7/collect2 --eh-frame-hdr --build-id -m elf_x86_64 --hash-style=gnu -export-dynamic -dynamic-linker /lib64/ld-linux-x86-64.so.2 -o cmTryCompileExec3998071765 /usr/lib/gcc/x86_64-redhat-linux/4.4.7/../../../../lib64/crt1.o /usr/lib/gcc/x86_64-redhat-linux/4.4.7/../../../../lib64/crti.o /usr/lib/gcc/x86_64-redhat-linux/4.4.7/crtbegin.o -L/usr/lib/gcc/x86_64-redhat-linux/4.4.7 -L/usr/lib/gcc/x86_64-redhat-linux/4.4.7 -L/usr/lib/gcc/x86_64-redhat-linux/4.4.7/../../../../lib64 -L/lib/../lib64 -L/usr/lib/../lib64 -L/u/local/compilers/intel/18.0.4/compilers_and_libraries_2018.5.274/linux/daal/../tbb/lib/intel64_lin/gcc4.4 -L/u/local/compilers/intel/18.0.4/compilers_and_libraries_2018.5.274/linux/daal/lib/intel64_lin -L/u/local/compilers/intel/18.0.4/compilers_and_libraries_2018.5.274/linux/tbb/lib/intel64/gcc4.4 -L/u/local/compilers/intel/18.0.4/compilers_and_libraries_2018.5.274/linux/mkl/lib/intel64_lin -L/u/local/compilers/intel/18.0.4/compilers_and_libraries_2018.5.274/linux/compiler/lib/intel64_lin -L/u/local/compilers/intel/18.0.4/compilers_and_libraries_2018.5.274/linux/ipp/lib/intel64 -L/u/local/compilers/intel/18.0.4/clck/2018.3/lib/intel64 -L/usr/lib/gcc/x86_64-redhat-linux/4.4.7/../../.. CMakeFiles/cmTryCompileExec3998071765.dir/CMakeCCompilerABI.c.o -lgcc --as-needed -lgcc_s --no-as-needed -lc -lgcc --as-needed -lgcc_s --no-as-needed /usr/lib/gcc/x86_64-redhat-linux/4.4.7/crtend.o /usr/lib/gcc/x86_64-redhat-linux/4.4.7/../../../../lib64/crtn.o]
    arg [/usr/libexec/gcc/x86_64-redhat-linux/4.4.7/collect2] ==> ignore
    arg [--eh-frame-hdr] ==> ignore
    arg [--build-id] ==> ignore
    arg [-m] ==> ignore
    arg [elf_x86_64] ==> ignore
    arg [--hash-style=gnu] ==> ignore
    arg [-export-dynamic] ==> ignore
    arg [-dynamic-linker] ==> ignore
    arg [/lib64/ld-linux-x86-64.so.2] ==> ignore
    arg [-o] ==> ignore
    arg [cmTryCompileExec3998071765] ==> ignore
    arg [/usr/lib/gcc/x86_64-redhat-linux/4.4.7/../../../../lib64/crt1.o] ==> ignore
    arg [/usr/lib/gcc/x86_64-redhat-linux/4.4.7/../../../../lib64/crti.o] ==> ignore
    arg [/usr/lib/gcc/x86_64-redhat-linux/4.4.7/crtbegin.o] ==> ignore
    arg [-L/usr/lib/gcc/x86_64-redhat-linux/4.4.7] ==> dir [/usr/lib/gcc/x86_64-redhat-linux/4.4.7]
    arg [-L/usr/lib/gcc/x86_64-redhat-linux/4.4.7] ==> dir [/usr/lib/gcc/x86_64-redhat-linux/4.4.7]
    arg [-L/usr/lib/gcc/x86_64-redhat-linux/4.4.7/../../../../lib64] ==> dir [/usr/lib/gcc/x86_64-redhat-linux/4.4.7/../../../../lib64]
    arg [-L/lib/../lib64] ==> dir [/lib/../lib64]
    arg [-L/usr/lib/../lib64] ==> dir [/usr/lib/../lib64]
    arg [-L/u/local/compilers/intel/18.0.4/compilers_and_libraries_2018.5.274/linux/daal/../tbb/lib/intel64_lin/gcc4.4] ==> dir [/u/local/compilers/intel/18.0.4/compilers_and_libraries_2018.5.274/linux/daal/../tbb/lib/intel64_lin/gcc4.4]
    arg [-L/u/local/compilers/intel/18.0.4/compilers_and_libraries_2018.5.274/linux/daal/lib/intel64_lin] ==> dir [/u/local/compilers/intel/18.0.4/compilers_and_libraries_2018.5.274/linux/daal/lib/intel64_lin]
    arg [-L/u/local/compilers/intel/18.0.4/compilers_and_libraries_2018.5.274/linux/tbb/lib/intel64/gcc4.4] ==> dir [/u/local/compilers/intel/18.0.4/compilers_and_libraries_2018.5.274/linux/tbb/lib/intel64/gcc4.4]
    arg [-L/u/local/compilers/intel/18.0.4/compilers_and_libraries_2018.5.274/linux/mkl/lib/intel64_lin] ==> dir [/u/local/compilers/intel/18.0.4/compilers_and_libraries_2018.5.274/linux/mkl/lib/intel64_lin]
    arg [-L/u/local/compilers/intel/18.0.4/compilers_and_libraries_2018.5.274/linux/compiler/lib/intel64_lin] ==> dir [/u/local/compilers/intel/18.0.4/compilers_and_libraries_2018.5.274/linux/compiler/lib/intel64_lin]
    arg [-L/u/local/compilers/intel/18.0.4/compilers_and_libraries_2018.5.274/linux/ipp/lib/intel64] ==> dir [/u/local/compilers/intel/18.0.4/compilers_and_libraries_2018.5.274/linux/ipp/lib/intel64]
    arg [-L/u/local/compilers/intel/18.0.4/clck/2018.3/lib/intel64] ==> dir [/u/local/compilers/intel/18.0.4/clck/2018.3/lib/intel64]
    arg [-L/usr/lib/gcc/x86_64-redhat-linux/4.4.7/../../..] ==> dir [/usr/lib/gcc/x86_64-redhat-linux/4.4.7/../../..]
    arg [CMakeFiles/cmTryCompileExec3998071765.dir/CMakeCCompilerABI.c.o] ==> ignore
    arg [-lgcc] ==> lib [gcc]
    arg [--as-needed] ==> ignore
    arg [-lgcc_s] ==> lib [gcc_s]
    arg [--no-as-needed] ==> ignore
    arg [-lc] ==> lib [c]
    arg [-lgcc] ==> lib [gcc]
    arg [--as-needed] ==> ignore
    arg [-lgcc_s] ==> lib [gcc_s]
    arg [--no-as-needed] ==> ignore
    arg [/usr/lib/gcc/x86_64-redhat-linux/4.4.7/crtend.o] ==> ignore
    arg [/usr/lib/gcc/x86_64-redhat-linux/4.4.7/../../../../lib64/crtn.o] ==> ignore
  remove lib [gcc]
  remove lib [gcc_s]
  remove lib [gcc]
  remove lib [gcc_s]
  collapse library dir [/usr/lib/gcc/x86_64-redhat-linux/4.4.7] ==> [/usr/lib/gcc/x86_64-redhat-linux/4.4.7]
  collapse library dir [/usr/lib/gcc/x86_64-redhat-linux/4.4.7] ==> [/usr/lib/gcc/x86_64-redhat-linux/4.4.7]
  collapse library dir [/usr/lib/gcc/x86_64-redhat-linux/4.4.7/../../../../lib64] ==> [/usr/lib64]
  collapse library dir [/lib/../lib64] ==> [/lib64]
  collapse library dir [/usr/lib/../lib64] ==> [/usr/lib64]
  collapse library dir [/u/local/compilers/intel/18.0.4/compilers_and_libraries_2018.5.274/linux/daal/../tbb/lib/intel64_lin/gcc4.4] ==> [/u/local/compilers/intel/18.0.4/compilers_and_libraries_2018.5.274/linux/tbb/lib/intel64_lin/gcc4.4]
  collapse library dir [/u/local/compilers/intel/18.0.4/compilers_and_libraries_2018.5.274/linux/daal/lib/intel64_lin] ==> [/u/local/compilers/intel/18.0.4/compilers_and_libraries_2018.5.274/linux/daal/lib/intel64_lin]
  collapse library dir [/u/local/compilers/intel/18.0.4/compilers_and_libraries_2018.5.274/linux/tbb/lib/intel64/gcc4.4] ==> [/u/local/compilers/intel/18.0.4/compilers_and_libraries_2018.5.274/linux/tbb/lib/intel64/gcc4.4]
  collapse library dir [/u/local/compilers/intel/18.0.4/compilers_and_libraries_2018.5.274/linux/mkl/lib/intel64_lin] ==> [/u/local/compilers/intel/18.0.4/compilers_and_libraries_2018.5.274/linux/mkl/lib/intel64_lin]
  collapse library dir [/u/local/compilers/intel/18.0.4/compilers_and_libraries_2018.5.274/linux/compiler/lib/intel64_lin] ==> [/u/local/compilers/intel/18.0.4/compilers_and_libraries_2018.5.274/linux/compiler/lib/intel64_lin]
  collapse library dir [/u/local/compilers/intel/18.0.4/compilers_and_libraries_2018.5.274/linux/ipp/lib/intel64] ==> [/u/local/compilers/intel/18.0.4/compilers_and_libraries_2018.5.274/linux/ipp/lib/intel64]
  collapse library dir [/u/local/compilers/intel/18.0.4/clck/2018.3/lib/intel64] ==> [/u/local/compilers/intel/18.0.4/clck/2018.3/lib/intel64]
  collapse library dir [/usr/lib/gcc/x86_64-redhat-linux/4.4.7/../../..] ==> [/usr/lib]
  implicit libs: [c]
  implicit dirs: [/usr/lib/gcc/x86_64-redhat-linux/4.4.7;/usr/lib64;/lib64;/u/local/compilers/intel/18.0.4/compilers_and_libraries_2018.5.274/linux/tbb/lib/intel64_lin/gcc4.4;/u/local/compilers/intel/18.0.4/compilers_and_libraries_2018.5.274/linux/daal/lib/intel64_lin;/u/local/compilers/intel/18.0.4/compilers_and_libraries_2018.5.274/linux/tbb/lib/intel64/gcc4.4;/u/local/compilers/intel/18.0.4/compilers_and_libraries_2018.5.274/linux/mkl/lib/intel64_lin;/u/local/compilers/intel/18.0.4/compilers_and_libraries_2018.5.274/linux/compiler/lib/intel64_lin;/u/local/compilers/intel/18.0.4/compilers_and_libraries_2018.5.274/linux/ipp/lib/intel64;/u/local/compilers/intel/18.0.4/clck/2018.3/lib/intel64;/usr/lib]
  implicit fwks: []


Determining if the CXX compiler works passed with the following output:
Change Dir: /u/home/a/alipazok/GENIE/build/CMakeFiles/CMakeTmp

Run Build Command:/usr/bin/gmake "cmTryCompileExec4142855325/fast"
/usr/bin/gmake -f CMakeFiles/cmTryCompileExec4142855325.dir/build.make CMakeFiles/cmTryCompileExec4142855325.dir/build
gmake[1]: Entering directory `/u/home/a/alipazok/GENIE/build/CMakeFiles/CMakeTmp'
/usr/bin/cmake -E cmake_progress_report /u/home/a/alipazok/GENIE/build/CMakeFiles/CMakeTmp/CMakeFiles 1
Building CXX object CMakeFiles/cmTryCompileExec4142855325.dir/testCXXCompiler.cxx.o
/usr/bin/c++     -o CMakeFiles/cmTryCompileExec4142855325.dir/testCXXCompiler.cxx.o -c /u/home/a/alipazok/GENIE/build/CMakeFiles/CMakeTmp/testCXXCompiler.cxx
Linking CXX executable cmTryCompileExec4142855325
/usr/bin/cmake -E cmake_link_script CMakeFiles/cmTryCompileExec4142855325.dir/link.txt --verbose=1
/usr/bin/c++        CMakeFiles/cmTryCompileExec4142855325.dir/testCXXCompiler.cxx.o  -o cmTryCompileExec4142855325 -rdynamic 
gmake[1]: Leaving directory `/u/home/a/alipazok/GENIE/build/CMakeFiles/CMakeTmp'


Detecting CXX compiler ABI info compiled with the following output:
Change Dir: /u/home/a/alipazok/GENIE/build/CMakeFiles/CMakeTmp

Run Build Command:/usr/bin/gmake "cmTryCompileExec1239771214/fast"
/usr/bin/gmake -f CMakeFiles/cmTryCompileExec1239771214.dir/build.make CMakeFiles/cmTryCompileExec1239771214.dir/build
gmake[1]: Entering directory `/u/home/a/alipazok/GENIE/build/CMakeFiles/CMakeTmp'
/usr/bin/cmake -E cmake_progress_report /u/home/a/alipazok/GENIE/build/CMakeFiles/CMakeTmp/CMakeFiles 1
Building CXX object CMakeFiles/cmTryCompileExec1239771214.dir/CMakeCXXCompilerABI.cpp.o
/usr/bin/c++     -o CMakeFiles/cmTryCompileExec1239771214.dir/CMakeCXXCompilerABI.cpp.o -c /usr/share/cmake/Modules/CMakeCXXCompilerABI.cpp
Linking CXX executable cmTryCompileExec1239771214
/usr/bin/cmake -E cmake_link_script CMakeFiles/cmTryCompileExec1239771214.dir/link.txt --verbose=1
/usr/bin/c++      -v CMakeFiles/cmTryCompileExec1239771214.dir/CMakeCXXCompilerABI.cpp.o  -o cmTryCompileExec1239771214 -rdynamic  
Using built-in specs.
Target: x86_64-redhat-linux
Configured with: ../configure --prefix=/usr --mandir=/usr/share/man --infodir=/usr/share/info --with-bugurl=http://bugzilla.redhat.com/bugzilla --enable-bootstrap --enable-shared --enable-threads=posix --enable-checking=release --with-system-zlib --enable-__cxa_atexit --disable-libunwind-exceptions --enable-gnu-unique-object --enable-languages=c,c++,objc,obj-c++,java,fortran,ada --enable-java-awt=gtk --disable-dssi --with-java-home=/usr/lib/jvm/java-1.5.0-gcj-1.5.0.0/jre --enable-libgcj-multifile --enable-java-maintainer-mode --with-ecj-jar=/usr/share/java/eclipse-ecj.jar --disable-libjava-multilib --with-ppl --with-cloog --with-tune=generic --with-arch_32=i686 --build=x86_64-redhat-linux
Thread model: posix
gcc version 4.4.7 20120313 (Red Hat 4.4.7-23) (GCC) 
COMPILER_PATH=/usr/libexec/gcc/x86_64-redhat-linux/4.4.7/:/usr/libexec/gcc/x86_64-redhat-linux/4.4.7/:/usr/libexec/gcc/x86_64-redhat-linux/:/usr/lib/gcc/x86_64-redhat-linux/4.4.7/:/usr/lib/gcc/x86_64-redhat-linux/:/usr/libexec/gcc/x86_64-redhat-linux/4.4.7/:/usr/libexec/gcc/x86_64-redhat-linux/:/usr/lib/gcc/x86_64-redhat-linux/4.4.7/:/usr/lib/gcc/x86_64-redhat-linux/
LIBRARY_PATH=/usr/lib/gcc/x86_64-redhat-linux/4.4.7/:/usr/lib/gcc/x86_64-redhat-linux/4.4.7/:/usr/lib/gcc/x86_64-redhat-linux/4.4.7/../../../../lib64/:/lib/../lib64/:/usr/lib/../lib64/:/u/local/compilers/intel/18.0.4/compilers_and_libraries_2018.5.274/linux/daal/../tbb/lib/intel64_lin/gcc4.4/:/u/local/compilers/intel/18.0.4/compilers_and_libraries_2018.5.274/linux/daal/lib/intel64_lin/:/u/local/compilers/intel/18.0.4/compilers_and_libraries_2018.5.274/linux/tbb/lib/intel64/gcc4.4/:/u/local/compilers/intel/18.0.4/compilers_and_libraries_2018.5.274/linux/mkl/lib/intel64_lin/:/u/local/compilers/intel/18.0.4/compilers_and_libraries_2018.5.274/linux/compiler/lib/intel64_lin/:/u/local/compilers/intel/18.0.4/compilers_and_libraries_2018.5.274/linux/ipp/lib/intel64/:/u/local/compilers/intel/18.0.4/clck/2018.3/lib/intel64/:/usr/lib/gcc/x86_64-redhat-linux/4.4.7/../../../:/lib/:/usr/lib/
COLLECT_GCC_OPTIONS='-v' '-o' 'cmTryCompileExec1239771214' '-rdynamic' '-shared-libgcc' '-mtune=generic'
 /usr/libexec/gcc/x86_64-redhat-linux/4.4.7/collect2 --eh-frame-hdr --build-id -m elf_x86_64 --hash-style=gnu -export-dynamic -dynamic-linker /lib64/ld-linux-x86-64.so.2 -o cmTryCompileExec1239771214 /usr/lib/gcc/x86_64-redhat-linux/4.4.7/../../../../lib64/crt1.o /usr/lib/gcc/x86_64-redhat-linux/4.4.7/../../../../lib64/crti.o /usr/lib/gcc/x86_64-redhat-linux/4.4.7/crtbegin.o -L/usr/lib/gcc/x86_64-redhat-linux/4.4.7 -L/usr/lib/gcc/x86_64-redhat-linux/4.4.7 -L/usr/lib/gcc/x86_64-redhat-linux/4.4.7/../../../../lib64 -L/lib/../lib64 -L/usr/lib/../lib64 -L/u/local/compilers/intel/18.0.4/compilers_and_libraries_2018.5.274/linux/daal/../tbb/lib/intel64_lin/gcc4.4 -L/u/local/compilers/intel/18.0.4/compilers_and_libraries_2018.5.274/linux/daal/lib/intel64_lin -L/u/local/compilers/intel/18.0.4/compilers_and_libraries_2018.5.274/linux/tbb/lib/intel64/gcc4.4 -L/u/local/compilers/intel/18.0.4/compilers_and_libraries_2018.5.274/linux/mkl/lib/intel64_lin -L/u/local/compilers/intel/18.0.4/compilers_and_libraries_2018.5.274/linux/compiler/lib/intel64_lin -L/u/local/compilers/intel/18.0.4/compilers_and_libraries_2018.5.274/linux/ipp/lib/intel64 -L/u/local/compilers/intel/18.0.4/clck/2018.3/lib/intel64 -L/usr/lib/gcc/x86_64-redhat-linux/4.4.7/../../.. CMakeFiles/cmTryCompileExec1239771214.dir/CMakeCXXCompilerABI.cpp.o -lstdc++ -lm -lgcc_s -lgcc -lc -lgcc_s -lgcc /usr/lib/gcc/x86_64-redhat-linux/4.4.7/crtend.o /usr/lib/gcc/x86_64-redhat-linux/4.4.7/../../../../lib64/crtn.o
gmake[1]: Leaving directory `/u/home/a/alipazok/GENIE/build/CMakeFiles/CMakeTmp'


Parsed CXX implicit link information from above output:
  link line regex: [^( *|.*[/\])(ld|([^/\]+-)?ld|collect2)[^/\]*( |$)]
  ignore line: [Change Dir: /u/home/a/alipazok/GENIE/build/CMakeFiles/CMakeTmp]
  ignore line: []
  ignore line: [Run Build Command:/usr/bin/gmake "cmTryCompileExec1239771214/fast"]
  ignore line: [/usr/bin/gmake -f CMakeFiles/cmTryCompileExec1239771214.dir/build.make CMakeFiles/cmTryCompileExec1239771214.dir/build]
  ignore line: [gmake[1]: Entering directory `/u/home/a/alipazok/GENIE/build/CMakeFiles/CMakeTmp']
  ignore line: [/usr/bin/cmake -E cmake_progress_report /u/home/a/alipazok/GENIE/build/CMakeFiles/CMakeTmp/CMakeFiles 1]
  ignore line: [Building CXX object CMakeFiles/cmTryCompileExec1239771214.dir/CMakeCXXCompilerABI.cpp.o]
  ignore line: [/usr/bin/c++     -o CMakeFiles/cmTryCompileExec1239771214.dir/CMakeCXXCompilerABI.cpp.o -c /usr/share/cmake/Modules/CMakeCXXCompilerABI.cpp]
  ignore line: [Linking CXX executable cmTryCompileExec1239771214]
  ignore line: [/usr/bin/cmake -E cmake_link_script CMakeFiles/cmTryCompileExec1239771214.dir/link.txt --verbose=1]
  ignore line: [/usr/bin/c++      -v CMakeFiles/cmTryCompileExec1239771214.dir/CMakeCXXCompilerABI.cpp.o  -o cmTryCompileExec1239771214 -rdynamic  ]
  ignore line: [Using built-in specs.]
  ignore line: [Target: x86_64-redhat-linux]
  ignore line: [Configured with: ../configure --prefix=/usr --mandir=/usr/share/man --infodir=/usr/share/info --with-bugurl=http://bugzilla.redhat.com/bugzilla --enable-bootstrap --enable-shared --enable-threads=posix --enable-checking=release --with-system-zlib --enable-__cxa_atexit --disable-libunwind-exceptions --enable-gnu-unique-object --enable-languages=c,c++,objc,obj-c++,java,fortran,ada --enable-java-awt=gtk --disable-dssi --with-java-home=/usr/lib/jvm/java-1.5.0-gcj-1.5.0.0/jre --enable-libgcj-multifile --enable-java-maintainer-mode --with-ecj-jar=/usr/share/java/eclipse-ecj.jar --disable-libjava-multilib --with-ppl --with-cloog --with-tune=generic --with-arch_32=i686 --build=x86_64-redhat-linux]
  ignore line: [Thread model: posix]
  ignore line: [gcc version 4.4.7 20120313 (Red Hat 4.4.7-23) (GCC) ]
  ignore line: [COMPILER_PATH=/usr/libexec/gcc/x86_64-redhat-linux/4.4.7/:/usr/libexec/gcc/x86_64-redhat-linux/4.4.7/:/usr/libexec/gcc/x86_64-redhat-linux/:/usr/lib/gcc/x86_64-redhat-linux/4.4.7/:/usr/lib/gcc/x86_64-redhat-linux/:/usr/libexec/gcc/x86_64-redhat-linux/4.4.7/:/usr/libexec/gcc/x86_64-redhat-linux/:/usr/lib/gcc/x86_64-redhat-linux/4.4.7/:/usr/lib/gcc/x86_64-redhat-linux/]
  ignore line: [LIBRARY_PATH=/usr/lib/gcc/x86_64-redhat-linux/4.4.7/:/usr/lib/gcc/x86_64-redhat-linux/4.4.7/:/usr/lib/gcc/x86_64-redhat-linux/4.4.7/../../../../lib64/:/lib/../lib64/:/usr/lib/../lib64/:/u/local/compilers/intel/18.0.4/compilers_and_libraries_2018.5.274/linux/daal/../tbb/lib/intel64_lin/gcc4.4/:/u/local/compilers/intel/18.0.4/compilers_and_libraries_2018.5.274/linux/daal/lib/intel64_lin/:/u/local/compilers/intel/18.0.4/compilers_and_libraries_2018.5.274/linux/tbb/lib/intel64/gcc4.4/:/u/local/compilers/intel/18.0.4/compilers_and_libraries_2018.5.274/linux/mkl/lib/intel64_lin/:/u/local/compilers/intel/18.0.4/compilers_and_libraries_2018.5.274/linux/compiler/lib/intel64_lin/:/u/local/compilers/intel/18.0.4/compilers_and_libraries_2018.5.274/linux/ipp/lib/intel64/:/u/local/compilers/intel/18.0.4/clck/2018.3/lib/intel64/:/usr/lib/gcc/x86_64-redhat-linux/4.4.7/../../../:/lib/:/usr/lib/]
  ignore line: [COLLECT_GCC_OPTIONS='-v' '-o' 'cmTryCompileExec1239771214' '-rdynamic' '-shared-libgcc' '-mtune=generic']
  link line: [ /usr/libexec/gcc/x86_64-redhat-linux/4.4.7/collect2 --eh-frame-hdr --build-id -m elf_x86_64 --hash-style=gnu -export-dynamic -dynamic-linker /lib64/ld-linux-x86-64.so.2 -o cmTryCompileExec1239771214 /usr/lib/gcc/x86_64-redhat-linux/4.4.7/../../../../lib64/crt1.o /usr/lib/gcc/x86_64-redhat-linux/4.4.7/../../../../lib64/crti.o /usr/lib/gcc/x86_64-redhat-linux/4.4.7/crtbegin.o -L/usr/lib/gcc/x86_64-redhat-linux/4.4.7 -L/usr/lib/gcc/x86_64-redhat-linux/4.4.7 -L/usr/lib/gcc/x86_64-redhat-linux/4.4.7/../../../../lib64 -L/lib/../lib64 -L/usr/lib/../lib64 -L/u/local/compilers/intel/18.0.4/compilers_and_libraries_2018.5.274/linux/daal/../tbb/lib/intel64_lin/gcc4.4 -L/u/local/compilers/intel/18.0.4/compilers_and_libraries_2018.5.274/linux/daal/lib/intel64_lin -L/u/local/compilers/intel/18.0.4/compilers_and_libraries_2018.5.274/linux/tbb/lib/intel64/gcc4.4 -L/u/local/compilers/intel/18.0.4/compilers_and_libraries_2018.5.274/linux/mkl/lib/intel64_lin -L/u/local/compilers/intel/18.0.4/compilers_and_libraries_2018.5.274/linux/compiler/lib/intel64_lin -L/u/local/compilers/intel/18.0.4/compilers_and_libraries_2018.5.274/linux/ipp/lib/intel64 -L/u/local/compilers/intel/18.0.4/clck/2018.3/lib/intel64 -L/usr/lib/gcc/x86_64-redhat-linux/4.4.7/../../.. CMakeFiles/cmTryCompileExec1239771214.dir/CMakeCXXCompilerABI.cpp.o -lstdc++ -lm -lgcc_s -lgcc -lc -lgcc_s -lgcc /usr/lib/gcc/x86_64-redhat-linux/4.4.7/crtend.o /usr/lib/gcc/x86_64-redhat-linux/4.4.7/../../../../lib64/crtn.o]
    arg [/usr/libexec/gcc/x86_64-redhat-linux/4.4.7/collect2] ==> ignore
    arg [--eh-frame-hdr] ==> ignore
    arg [--build-id] ==> ignore
    arg [-m] ==> ignore
    arg [elf_x86_64] ==> ignore
    arg [--hash-style=gnu] ==> ignore
    arg [-export-dynamic] ==> ignore
    arg [-dynamic-linker] ==> ignore
    arg [/lib64/ld-linux-x86-64.so.2] ==> ignore
    arg [-o] ==> ignore
    arg [cmTryCompileExec1239771214] ==> ignore
    arg [/usr/lib/gcc/x86_64-redhat-linux/4.4.7/../../../../lib64/crt1.o] ==> ignore
    arg [/usr/lib/gcc/x86_64-redhat-linux/4.4.7/../../../../lib64/crti.o] ==> ignore
    arg [/usr/lib/gcc/x86_64-redhat-linux/4.4.7/crtbegin.o] ==> ignore
    arg [-L/usr/lib/gcc/x86_64-redhat-linux/4.4.7] ==> dir [/usr/lib/gcc/x86_64-redhat-linux/4.4.7]
    arg [-L/usr/lib/gcc/x86_64-redhat-linux/4.4.7] ==> dir [/usr/lib/gcc/x86_64-redhat-linux/4.4.7]
    arg [-L/usr/lib/gcc/x86_64-redhat-linux/4.4.7/../../../../lib64] ==> dir [/usr/lib/gcc/x86_64-redhat-linux/4.4.7/../../../../lib64]
    arg [-L/lib/../lib64] ==> dir [/lib/../lib64]
    arg [-L/usr/lib/../lib64] ==> dir [/usr/lib/../lib64]
    arg [-L/u/local/compilers/intel/18.0.4/compilers_and_libraries_2018.5.274/linux/daal/../tbb/lib/intel64_lin/gcc4.4] ==> dir [/u/local/compilers/intel/18.0.4/compilers_and_libraries_2018.5.274/linux/daal/../tbb/lib/intel64_lin/gcc4.4]
    arg [-L/u/local/compilers/intel/18.0.4/compilers_and_libraries_2018.5.274/linux/daal/lib/intel64_lin] ==> dir [/u/local/compilers/intel/18.0.4/compilers_and_libraries_2018.5.274/linux/daal/lib/intel64_lin]
    arg [-L/u/local/compilers/intel/18.0.4/compilers_and_libraries_2018.5.274/linux/tbb/lib/intel64/gcc4.4] ==> dir [/u/local/compilers/intel/18.0.4/compilers_and_libraries_2018.5.274/linux/tbb/lib/intel64/gcc4.4]
    arg [-L/u/local/compilers/intel/18.0.4/compilers_and_libraries_2018.5.274/linux/mkl/lib/intel64_lin] ==> dir [/u/local/compilers/intel/18.0.4/compilers_and_libraries_2018.5.274/linux/mkl/lib/intel64_lin]
    arg [-L/u/local/compilers/intel/18.0.4/compilers_and_libraries_2018.5.274/linux/compiler/lib/intel64_lin] ==> dir [/u/local/compilers/intel/18.0.4/compilers_and_libraries_2018.5.274/linux/compiler/lib/intel64_lin]
    arg [-L/u/local/compilers/intel/18.0.4/compilers_and_libraries_2018.5.274/linux/ipp/lib/intel64] ==> dir [/u/local/compilers/intel/18.0.4/compilers_and_libraries_2018.5.274/linux/ipp/lib/intel64]
    arg [-L/u/local/compilers/intel/18.0.4/clck/2018.3/lib/intel64] ==> dir [/u/local/compilers/intel/18.0.4/clck/2018.3/lib/intel64]
    arg [-L/usr/lib/gcc/x86_64-redhat-linux/4.4.7/../../..] ==> dir [/usr/lib/gcc/x86_64-redhat-linux/4.4.7/../../..]
    arg [CMakeFiles/cmTryCompileExec1239771214.dir/CMakeCXXCompilerABI.cpp.o] ==> ignore
    arg [-lstdc++] ==> lib [stdc++]
    arg [-lm] ==> lib [m]
    arg [-lgcc_s] ==> lib [gcc_s]
    arg [-lgcc] ==> lib [gcc]
    arg [-lc] ==> lib [c]
    arg [-lgcc_s] ==> lib [gcc_s]
    arg [-lgcc] ==> lib [gcc]
    arg [/usr/lib/gcc/x86_64-redhat-linux/4.4.7/crtend.o] ==> ignore
    arg [/usr/lib/gcc/x86_64-redhat-linux/4.4.7/../../../../lib64/crtn.o] ==> ignore
  remove lib [gcc_s]
  remove lib [gcc]
  remove lib [gcc_s]
  remove lib [gcc]
  collapse library dir [/usr/lib/gcc/x86_64-redhat-linux/4.4.7] ==> [/usr/lib/gcc/x86_64-redhat-linux/4.4.7]
  collapse library dir [/usr/lib/gcc/x86_64-redhat-linux/4.4.7] ==> [/usr/lib/gcc/x86_64-redhat-linux/4.4.7]
  collapse library dir [/usr/lib/gcc/x86_64-redhat-linux/4.4.7/../../../../lib64] ==> [/usr/lib64]
  collapse library dir [/lib/../lib64] ==> [/lib64]
  collapse library dir [/usr/lib/../lib64] ==> [/usr/lib64]
  collapse library dir [/u/local/compilers/intel/18.0.4/compilers_and_libraries_2018.5.274/linux/daal/../tbb/lib/intel64_lin/gcc4.4] ==> [/u/local/compilers/intel/18.0.4/compilers_and_libraries_2018.5.274/linux/tbb/lib/intel64_lin/gcc4.4]
  collapse library dir [/u/local/compilers/intel/18.0.4/compilers_and_libraries_2018.5.274/linux/daal/lib/intel64_lin] ==> [/u/local/compilers/intel/18.0.4/compilers_and_libraries_2018.5.274/linux/daal/lib/intel64_lin]
  collapse library dir [/u/local/compilers/intel/18.0.4/compilers_and_libraries_2018.5.274/linux/tbb/lib/intel64/gcc4.4] ==> [/u/local/compilers/intel/18.0.4/compilers_and_libraries_2018.5.274/linux/tbb/lib/intel64/gcc4.4]
  collapse library dir [/u/local/compilers/intel/18.0.4/compilers_and_libraries_2018.5.274/linux/mkl/lib/intel64_lin] ==> [/u/local/compilers/intel/18.0.4/compilers_and_libraries_2018.5.274/linux/mkl/lib/intel64_lin]
  collapse library dir [/u/local/compilers/intel/18.0.4/compilers_and_libraries_2018.5.274/linux/compiler/lib/intel64_lin] ==> [/u/local/compilers/intel/18.0.4/compilers_and_libraries_2018.5.274/linux/compiler/lib/intel64_lin]
  collapse library dir [/u/local/compilers/intel/18.0.4/compilers_and_libraries_2018.5.274/linux/ipp/lib/intel64] ==> [/u/local/compilers/intel/18.0.4/compilers_and_libraries_2018.5.274/linux/ipp/lib/intel64]
  collapse library dir [/u/local/compilers/intel/18.0.4/clck/2018.3/lib/intel64] ==> [/u/local/compilers/intel/18.0.4/clck/2018.3/lib/intel64]
  collapse library dir [/usr/lib/gcc/x86_64-redhat-linux/4.4.7/../../..] ==> [/usr/lib]
  implicit libs: [stdc++;m;c]
  implicit dirs: [/usr/lib/gcc/x86_64-redhat-linux/4.4.7;/usr/lib64;/lib64;/u/local/compilers/intel/18.0.4/compilers_and_libraries_2018.5.274/linux/tbb/lib/intel64_lin/gcc4.4;/u/local/compilers/intel/18.0.4/compilers_and_libraries_2018.5.274/linux/daal/lib/intel64_lin;/u/local/compilers/intel/18.0.4/compilers_and_libraries_2018.5.274/linux/tbb/lib/intel64/gcc4.4;/u/local/compilers/intel/18.0.4/compilers_and_libraries_2018.5.274/linux/mkl/lib/intel64_lin;/u/local/compilers/intel/18.0.4/compilers_and_libraries_2018.5.274/linux/compiler/lib/intel64_lin;/u/local/compilers/intel/18.0.4/compilers_and_libraries_2018.5.274/linux/ipp/lib/intel64;/u/local/compilers/intel/18.0.4/clck/2018.3/lib/intel64;/usr/lib]
  implicit fwks: []


